
2017-02-28 19:10:28
正在读取软件包列表...
正在分析软件包的依赖关系树...
正在读取状态信息...
nodejs 已经是最新版 (4.2.6~dfsg-1ubuntu4.1)。
升级了 0 个软件包，新安装了 0 个软件包，要卸载 0 个软件包，有 228 个软件包未被升级。
正在读取软件包列表...
正在分析软件包的依赖关系树...
正在读取状态信息...
npm 已经是最新版 (3.5.2-0ubuntu4)。
升级了 0 个软件包，新安装了 0 个软件包，要卸载 0 个软件包，有 228 个软件包未被升级。
/usr/local/bin/express -> /usr/local/lib/node_modules/express-generator/bin/express
/usr/local/lib
└── express-generator@4.14.1 

/usr/local/bin/bower -> /usr/local/lib/node_modules/bower/bin/bower
/usr/local/lib
└── bower@1.8.0 


2017-02-28 19:12:35
正在读取软件包列表...
正在分析软件包的依赖关系树...
正在读取状态信息...
nodejs 已经是最新版 (4.2.6~dfsg-1ubuntu4.1)。
升级了 0 个软件包，新安装了 0 个软件包，要卸载 0 个软件包，有 228 个软件包未被升级。
正在读取软件包列表...
正在分析软件包的依赖关系树...
正在读取状态信息...
npm 已经是最新版 (3.5.2-0ubuntu4)。
升级了 0 个软件包，新安装了 0 个软件包，要卸载 0 个软件包，有 228 个软件包未被升级。

2017-02-28 19:13:29
正在读取软件包列表...
正在分析软件包的依赖关系树...
正在读取状态信息...
nodejs 已经是最新版 (4.2.6~dfsg-1ubuntu4.1)。
升级了 0 个软件包，新安装了 0 个软件包，要卸载 0 个软件包，有 228 个软件包未被升级。
正在读取软件包列表...
正在分析软件包的依赖关系树...
正在读取状态信息...
npm 已经是最新版 (3.5.2-0ubuntu4)。
升级了 0 个软件包，新安装了 0 个软件包，要卸载 0 个软件包，有 228 个软件包未被升级。

2017-02-28 19:14:05
正在读取软件包列表...
正在分析软件包的依赖关系树...
正在读取状态信息...
nodejs 已经是最新版 (4.2.6~dfsg-1ubuntu4.1)。
升级了 0 个软件包，新安装了 0 个软件包，要卸载 0 个软件包，有 228 个软件包未被升级。
正在读取软件包列表...
正在分析软件包的依赖关系树...
正在读取状态信息...
npm 已经是最新版 (3.5.2-0ubuntu4)。
升级了 0 个软件包，新安装了 0 个软件包，要卸载 0 个软件包，有 228 个软件包未被升级。

2017-02-28 19:15:42
正在读取软件包列表...
正在分析软件包的依赖关系树...
正在读取状态信息...
nodejs 已经是最新版 (4.2.6~dfsg-1ubuntu4.1)。
升级了 0 个软件包，新安装了 0 个软件包，要卸载 0 个软件包，有 228 个软件包未被升级。
正在读取软件包列表...
正在分析软件包的依赖关系树...
正在读取状态信息...
npm 已经是最新版 (3.5.2-0ubuntu4)。
升级了 0 个软件包，新安装了 0 个软件包，要卸载 0 个软件包，有 228 个软件包未被升级。

2017-02-28 19:19:25
正在读取软件包列表...
正在分析软件包的依赖关系树...
正在读取状态信息...
nodejs 已经是最新版 (4.2.6~dfsg-1ubuntu4.1)。
升级了 0 个软件包，新安装了 0 个软件包，要卸载 0 个软件包，有 228 个软件包未被升级。
正在读取软件包列表...
正在分析软件包的依赖关系树...
正在读取状态信息...
npm 已经是最新版 (3.5.2-0ubuntu4)。
升级了 0 个软件包，新安装了 0 个软件包，要卸载 0 个软件包，有 228 个软件包未被升级。
/usr/local/bin/express -> /usr/local/lib/node_modules/express-generator/bin/express
/usr/local/lib
└── express-generator@4.14.1 

/usr/local/bin/bower -> /usr/local/lib/node_modules/bower/bin/bower
/usr/local/lib
└── bower@1.8.0 


2017-02-28 19:22:32
正在读取软件包列表...
正在分析软件包的依赖关系树...
正在读取状态信息...
nodejs 已经是最新版 (4.2.6~dfsg-1ubuntu4.1)。
升级了 0 个软件包，新安装了 0 个软件包，要卸载 0 个软件包，有 228 个软件包未被升级。
正在读取软件包列表...
正在分析软件包的依赖关系树...
正在读取状态信息...
npm 已经是最新版 (3.5.2-0ubuntu4)。
升级了 0 个软件包，新安装了 0 个软件包，要卸载 0 个软件包，有 228 个软件包未被升级。
/usr/local/bin/express -> /usr/local/lib/node_modules/express-generator/bin/express
/usr/local/lib
└── express-generator@4.14.1 

/usr/local/bin/bower -> /usr/local/lib/node_modules/bower/bin/bower
/usr/local/lib
└── bower@1.8.0 


2017-02-28 19:23:51
正在读取软件包列表...
正在分析软件包的依赖关系树...
正在读取状态信息...
nodejs 已经是最新版 (4.2.6~dfsg-1ubuntu4.1)。
升级了 0 个软件包，新安装了 0 个软件包，要卸载 0 个软件包，有 228 个软件包未被升级。
正在读取软件包列表...
正在分析软件包的依赖关系树...
正在读取状态信息...
npm 已经是最新版 (3.5.2-0ubuntu4)。
升级了 0 个软件包，新安装了 0 个软件包，要卸载 0 个软件包，有 228 个软件包未被升级。
/usr/local/bin/express -> /usr/local/lib/node_modules/express-generator/bin/express
/usr/local/lib
└── express-generator@4.14.1 

/usr/local/bin/bower -> /usr/local/lib/node_modules/bower/bin/bower
/usr/local/lib
└── bower@1.8.0 


2017-02-28 19:36:45

2017-02-28 19:39:09

2017-03-01 19:03:32
